<?xml version="1.0" encoding="UTF-8"?>
<testng-results skipped="0" failed="0" ignored="0" total="1" passed="1">
  <reporter-output>
  </reporter-output>
  <suite name="BDD Test Suite" duration-ms="32151" started-at="2020-02-16T16:01:08Z" finished-at="2020-02-16T16:01:40Z">
    <groups>
      <group name="cucumber">
        <method signature="AbstractTestNGCucumberTests.feature(cucumber.api.testng.CucumberFeatureWrapper)[pri:0, instance:runner.TestRunner@5056dfcb]" name="feature" class="cucumber.api.testng.AbstractTestNGCucumberTests"/>
      </group> <!-- cucumber -->
    </groups>
    <test name="Test" duration-ms="32151" started-at="2020-02-16T16:01:08Z" finished-at="2020-02-16T16:01:40Z">
      <class name="runner.TestRunner">
        <test-method status="PASS" signature="setUpClass()[pri:0, instance:runner.TestRunner@5056dfcb]" name="setUpClass" is-config="true" duration-ms="223" started-at="2020-02-16T16:01:08Z" finished-at="2020-02-16T16:01:08Z">
          <reporter-output>
          </reporter-output>
        </test-method> <!-- setUpClass -->
        <test-method status="PASS" signature="feature(cucumber.api.testng.CucumberFeatureWrapper)[pri:0, instance:runner.TestRunner@5056dfcb]" name="feature" duration-ms="31815" started-at="2020-02-16T16:01:08Z" description="Runs Cucumber Feature" data-provider="features" finished-at="2020-02-16T16:01:40Z">
          <params>
            <param index="0">
              <value>
                <![CDATA[BDD Scenario_1]]>
              </value>
            </param>
          </params>
          <reporter-output>
          </reporter-output>
        </test-method> <!-- feature -->
        <test-method status="PASS" signature="tearDownClass()[pri:0, instance:runner.TestRunner@5056dfcb]" name="tearDownClass" is-config="true" duration-ms="25" started-at="2020-02-16T16:01:40Z" finished-at="2020-02-16T16:01:40Z">
          <reporter-output>
          </reporter-output>
        </test-method> <!-- tearDownClass -->
      </class> <!-- runner.TestRunner -->
    </test> <!-- Test -->
  </suite> <!-- BDD Test Suite -->
</testng-results>
